1773045315407	geckodriver	INFO	Listening on 127.0.0.1:63206
1773045318505	mozrunner::runner	INFO	Running command: "C:\\Program Files\\Mozilla Firefox\\firefox.exe" "--marionette" "--remote-debugging-port" "63207" "--remote-allow-hosts" "localhost" "-no-remote" "-profile" "C:\\Users\\TOTHKO~1\\AppData\\Local\\Temp\\rust_mozprofileDuWSEG"
console.warn: services.settings: Ignoring preference override of remote settings server
console.warn: services.settings: Allow by setting MOZ_REMOTE_SETTINGS_DEVTOOLS=1 in the environment
Dynamically enable window occlusion 0
1773045318823	Marionette	INFO	Marionette enabled
1773045319012	Marionette	INFO	Listening on port 63214
WebDriver BiDi listening on ws://127.0.0.1:63207
Read port: 63214
1773045319184	RemoteAgent	WARN	TLS certificate errors will be ignored for this session
console.warn: RSLoader: Recipe new-tab-14802025121163751-to-release-146 not returned from collection nimbus-secure-experiments because it contains feature newtabTrainhopAddon, which is disallowed for that collection.
console.warn: RSLoader: Recipe new-tab-14802025121163751-to-release-14702 not returned from collection nimbus-secure-experiments because it contains feature newtabTrainhopAddon, which is disallowed for that collection.
console.warn: RSLoader: Recipe new-tab-14912026012151415-to-beta not returned from collection nimbus-secure-experiments because it contains feature newtabTrainhopAddon, which is disallowed for that collection.
console.warn: RSLoader: Recipe new-tab-14912026012151415-to-release-14703 not returned from collection nimbus-secure-experiments because it contains feature newtabTrainhopAddon, which is disallowed for that collection.
console.warn: RSLoader: Recipe new-tab-14912026012151415-to-release-14703-14704 not returned from collection nimbus-secure-experiments because it contains feature newtabTrainhopAddon, which is disallowed for that collection.
console.warn: RSLoader: Recipe new-tab-149220260220204414-to-release-148 not returned from collection nimbus-secure-experiments because it contains feature newtabTrainhopAddon, which is disallowed for that collection.
console.warn: LoginRecipes: "Falling back to a synchronous message for: https://www.saucedemo.com."
console.warn: LoginRecipes: "Falling back to a synchronous message for: https://www.saucedemo.com."
Exiting due to channel error.
Exiting due to channel error.
Exiting due to channel error.
