1773646538612	geckodriver	INFO	Listening on 127.0.0.1:61937
1773646541743	mozrunner::runner	INFO	Running command: "C:\\Program Files\\Mozilla Firefox\\firefox.exe" "--marionette" "--remote-debugging-port" "61938" "--remote-allow-hosts" "localhost" "-no-remote" "-profile" "C:\\Users\\TOTHKO~1\\AppData\\Local\\Temp\\rust_mozprofileCrgsRN"
console.warn: services.settings: Ignoring preference override of remote settings server
console.warn: services.settings: Allow by setting MOZ_REMOTE_SETTINGS_DEVTOOLS=1 in the environment
Dynamically enable window occlusion 0
1773646542050	Marionette	INFO	Marionette enabled
1773646542214	Marionette	INFO	Listening on port 49790
WebDriver BiDi listening on ws://127.0.0.1:61938
Read port: 49790
1773646542339	RemoteAgent	WARN	TLS certificate errors will be ignored for this session
console.warn: RSLoader: Recipe new-tab-14802025121163751-to-release-146 not returned from collection nimbus-secure-experiments because it contains feature newtabTrainhopAddon, which is disallowed for that collection.
console.warn: RSLoader: Recipe new-tab-14802025121163751-to-release-14702 not returned from collection nimbus-secure-experiments because it contains feature newtabTrainhopAddon, which is disallowed for that collection.
console.warn: RSLoader: Recipe new-tab-14912026012151415-to-beta not returned from collection nimbus-secure-experiments because it contains feature newtabTrainhopAddon, which is disallowed for that collection.
console.warn: RSLoader: Recipe new-tab-14912026012151415-to-release-14703-14704 not returned from collection nimbus-secure-experiments because it contains feature newtabTrainhopAddon, which is disallowed for that collection.
console.warn: RSLoader: Recipe new-tab-149220260220204414-to-release-148 not returned from collection nimbus-secure-experiments because it contains feature newtabTrainhopAddon, which is disallowed for that collection.
console.warn: RSLoader: Recipe new-tab-150120260304231049-to-release-148 not returned from collection nimbus-secure-experiments because it contains feature newtabTrainhopAddon, which is disallowed for that collection.
console.error: [Exception... "Component returned failure code: 0x80040111 (NS_ERROR_NOT_AVAILABLE) [nsIContentSniffer.getMIMETypeFromContent]"  nsresult: "0x80040111 (NS_ERROR_NOT_AVAILABLE)"  location: "JS frame :: resource:///modules/FaviconLoader.sys.mjs :: onStopRequest :: line 300"  data: no]
console.warn: WindowsJumpLists: "Failed to fetch favicon for " "https://demo.testim.io/?authuser=0" [Exception... "Failure"  nsresult: "0x80004005 (NS_ERROR_FAILURE)"  location: "<unknown>"  data: no]
console.warn: WindowsJumpLists: "Failed to fetch favicon for " "https://demo.testim.io/?authuser=0" [Exception... "Failure"  nsresult: "0x80004005 (NS_ERROR_FAILURE)"  location: "<unknown>"  data: no]
console.warn: WindowsJumpLists: "Failed to fetch favicon for " "https://demo.testim.io/?authuser=0" [Exception... "Failure"  nsresult: "0x80004005 (NS_ERROR_FAILURE)"  location: "<unknown>"  data: no]
console.warn: WindowsJumpLists: "Failed to fetch favicon for " "https://demo.testim.io/?authuser=0" [Exception... "Failure"  nsresult: "0x80004005 (NS_ERROR_FAILURE)"  location: "<unknown>"  data: no]
1773647105217	Marionette	INFO	Stopped listening on port 49790
Dynamically enable window occlusion 1
console.error: "Failed to fetch https://ads.mozilla.org/v1/delete_user:" "NetworkError when attempting to fetch resource."
console.warn: TopSitesFeed: Failed to fetch data from MARS server: NetworkError when attempting to fetch resource.
JavaScript error: resource://services-settings/RemoteSettingsClient.sys.mjs, line 101: Error: Unknown callback
